2026-03-08 14:51:15 | INFO     | ============================================================
2026-03-08 14:51:15 | INFO     | CryptoEmperor AI 启动
2026-03-08 14:51:15 | INFO     | 配置: 4 个交易对, RSI(14), 区间: 15m
2026-03-08 14:51:16 | INFO     | Binance 客户端初始化成功
2026-03-08 14:51:16 | INFO     | BTCUSDT | ⚪ 观望 | 价格: $67,122.01 | RSI: 50.67
2026-03-08 14:51:17 | INFO     | ETHUSDT | ⚪ 观望 | 价格: $1,946.21 | RSI: 62.18
2026-03-08 14:51:17 | INFO     | BNBUSDT | ⚪ 观望 | 价格: $618.86 | RSI: 69.04
2026-03-08 14:51:18 | INFO     | SOLUSDT | ⚪ 观望 | 价格: $82.31 | RSI: 64.84
2026-03-08 14:51:18 | INFO     | 本次扫描完成，共处理 4 个交易对
2026-03-08 14:51:18 | INFO     | ============================================================
2026-03-08 15:02:36 | INFO     | ============================================================
2026-03-08 15:02:36 | INFO     | CryptoEmperor AI 启动
2026-03-08 15:02:36 | INFO     | 配置: 4 个交易对, RSI(14), 区间: 15m
2026-03-08 15:02:37 | INFO     | Binance 客户端初始化成功
2026-03-08 15:02:37 | INFO     | BTCUSDT | ⚪ 观望 | 价格: $67,174.55 | RSI: 56.42
2026-03-08 15:02:37 | INFO     | ETHUSDT | ⚪ 观望 | 价格: $1,948.29 | RSI: 65.90
2026-03-08 15:02:38 | INFO     | BNBUSDT | ⚪ 观望 | 价格: $618.99 | RSI: 69.94
2026-03-08 15:02:38 | INFO     | SOLUSDT | ⚪ 观望 | 价格: $82.43 | RSI: 65.12
2026-03-08 15:02:38 | INFO     | 本次扫描完成，共处理 4 个交易对
2026-03-08 15:02:38 | INFO     | 日报已生成: reports/report_2026-03-08.md
2026-03-08 15:02:38 | INFO     | ============================================================
2026-03-08 15:02:58 | INFO     | ============================================================
2026-03-08 15:02:58 | INFO     | CryptoEmperor AI 启动
2026-03-08 15:02:58 | INFO     | 配置: 4 个交易对, RSI(14), 区间: 15m
2026-03-08 15:02:58 | INFO     | Binance 客户端初始化成功
2026-03-08 15:02:59 | INFO     | BTCUSDT | ⚪ 观望 | 价格: $67,185.15 | RSI: 56.42
2026-03-08 15:02:59 | INFO     | ETHUSDT | ⚪ 观望 | 价格: $1,948.50 | RSI: 65.90
2026-03-08 15:02:59 | INFO     | BNBUSDT | ⚪ 观望 | 价格: $619.00 | RSI: 69.94
2026-03-08 15:02:59 | INFO     | SOLUSDT | ⚪ 观望 | 价格: $82.43 | RSI: 65.12
2026-03-08 15:02:59 | INFO     | 本次扫描完成，共处理 4 个交易对
2026-03-08 15:02:59 | INFO     | 日报已生成: reports/report_2026-03-08.md
2026-03-08 15:02:59 | INFO     | ============================================================
2026-03-08 15:24:09 | INFO     | ============================================================
2026-03-08 15:24:09 | INFO     | CryptoEmperor AI 启动
2026-03-08 15:24:09 | INFO     | 配置: 4 个交易对, RSI(14), 区间: 15m
2026-03-08 15:24:10 | INFO     | Binance 客户端初始化成功
2026-03-08 15:24:10 | INFO     | BTCUSDT | ⚪ 观望 | 价格: $67,339.52 | RSI: 57.52
2026-03-08 15:24:10 | INFO     | ETHUSDT | ⚪ 观望 | 价格: $1,955.73 | RSI: 66.06
2026-03-08 15:24:11 | INFO     | BNBUSDT | ⚪ 观望 | 价格: $621.13 | RSI: 68.29
2026-03-08 15:24:11 | INFO     | SOLUSDT | ⚪ 观望 | 价格: $82.90 | RSI: 68.75
2026-03-08 15:24:11 | INFO     | 本次扫描完成，共处理 4 个交易对
2026-03-08 15:24:11 | INFO     | 日报已生成: reports/report_2026-03-08.md
2026-03-08 15:24:11 | INFO     | ============================================================
